Turbo Assembler	 Version 4.1	    02/11/23 19:49:00	    Page 1
colortxt.asm



      1	0000			     .model tiny
      2	0000			     .code
      3
      4				     org 100h
      5
      6	0100			     Start:
      7	0100  B4 09			     mov ah, 09h
      8	0102  BA 0129r			     mov dx, offset String
      9	0105  CD 21			     int 21h
     10
     11	0107  BB B800			     mov bx, 0b800h
     12	010A  8E C3			     mov es, bx
     13	010C  BB 0280			     mov bx, 160d * 4d
     14
     15	010F  B5 00			     mov ch, 0d
     16	0111  B1 05			     mov cl, 5d
     17	0113  E8 0005			     call PrintSymb
     18
     19	0116  B8 4C00			     mov ax, 4c00h
     20	0119  CD 21			     int 21h
     21
     22
     23	011B			     PrintSymb:
     24	011B  FE C5			     inc ch
     25
     26	011D  26: C6 07	00r		     mov byte ptr es:[bx], [offset String]
**Error** colortxt.asm(26) Constant too	large
     27	0121  83 C3 02			     add bx, 2
     28
     29	0124  3A E9			     cmp ch, cl
     30	0126  7C F3			     jl	PrintSymb
     31
     32	0128  C3			     ret
     33
     34
     35	0129  41 42 43 44 45 46	24   String: db	'ABCDEF$'
     36
     37
     38				     end     Start
Turbo Assembler	 Version 4.1	    02/11/23 19:49:00	    Page 2
Symbol Table




Symbol Name			  Type	 Value

??DATE				  Text	 "02/11/23"
??FILENAME			  Text	 "colortxt"
??TIME				  Text	 "19:49:00"
??VERSION			  Number 040A
@32BIT				  Text	 0
@CODE				  Text	 DGROUP
@CODESIZE			  Text	 0
@CPU				  Text	 0101H
@CURSEG				  Text	 _TEXT
@DATA				  Text	 DGROUP
@DATASIZE			  Text	 0
@FILENAME			  Text	 COLORTXT
@INTERFACE			  Text	 000H
@MODEL				  Text	 1
@STACK				  Text	 DGROUP
@WORDSIZE			  Text	 2
PRINTSYMB			  Near	 DGROUP:011B
START				  Near	 DGROUP:0100
STRING				  Near	 DGROUP:0129

Groups & Segments		  Bit Size Align  Combine Class

DGROUP				  Group
  _DATA				  16  0000 Word	  Public  DATA
  _TEXT				  16  0130 Word	  Public  CODE
Turbo Assembler	 Version 4.1	    02/11/23 19:49:00	    Page 3
Error Summary



**Error** colortxt.asm(26) Constant too	large
